mode: set
github.com/datumbrain/otters/csv.go:14.51,21.2 1 1
github.com/datumbrain/otters/csv.go:24.82,26.16 2 1
github.com/datumbrain/otters/csv.go:26.16,28.3 1 0
github.com/datumbrain/otters/csv.go:29.2,35.70 5 1
github.com/datumbrain/otters/csv.go:35.70,37.3 1 0
github.com/datumbrain/otters/csv.go:39.2,40.16 2 1
github.com/datumbrain/otters/csv.go:40.16,42.3 1 1
github.com/datumbrain/otters/csv.go:44.2,44.46 1 1
github.com/datumbrain/otters/csv.go:47.74,48.33 1 1
github.com/datumbrain/otters/csv.go:48.33,49.42 1 1
github.com/datumbrain/otters/csv.go:49.42,50.21 1 1
github.com/datumbrain/otters/csv.go:50.21,52.5 1 1
github.com/datumbrain/otters/csv.go:53.4,53.36 1 0
github.com/datumbrain/otters/csv.go:56.2,56.12 1 1
github.com/datumbrain/otters/csv.go:59.106,60.23 1 1
github.com/datumbrain/otters/csv.go:60.23,62.3 1 1
github.com/datumbrain/otters/csv.go:63.2,63.58 1 1
github.com/datumbrain/otters/csv.go:66.113,68.16 2 1
github.com/datumbrain/otters/csv.go:68.16,69.20 1 1
github.com/datumbrain/otters/csv.go:69.20,71.4 1 1
github.com/datumbrain/otters/csv.go:72.3,72.45 1 0
github.com/datumbrain/otters/csv.go:75.2,75.33 1 1
github.com/datumbrain/otters/csv.go:75.33,77.3 1 1
github.com/datumbrain/otters/csv.go:79.2,80.27 2 1
github.com/datumbrain/otters/csv.go:83.116,85.16 2 1
github.com/datumbrain/otters/csv.go:85.16,86.20 1 0
github.com/datumbrain/otters/csv.go:86.20,88.4 1 0
github.com/datumbrain/otters/csv.go:89.3,89.45 1 0
github.com/datumbrain/otters/csv.go:92.2,95.6 3 1
github.com/datumbrain/otters/csv.go:95.6,97.20 2 1
github.com/datumbrain/otters/csv.go:97.20,98.9 1 1
github.com/datumbrain/otters/csv.go:100.3,100.17 1 1
github.com/datumbrain/otters/csv.go:100.17,102.4 1 0
github.com/datumbrain/otters/csv.go:103.3,105.61 2 1
github.com/datumbrain/otters/csv.go:105.61,106.9 1 1
github.com/datumbrain/otters/csv.go:110.2,110.30 1 1
github.com/datumbrain/otters/csv.go:113.42,115.29 2 1
github.com/datumbrain/otters/csv.go:115.29,117.3 1 1
github.com/datumbrain/otters/csv.go:118.2,118.16 1 1
github.com/datumbrain/otters/csv.go:121.115,125.6 3 1
github.com/datumbrain/otters/csv.go:125.6,127.20 2 1
github.com/datumbrain/otters/csv.go:127.20,128.9 1 1
github.com/datumbrain/otters/csv.go:130.3,130.17 1 1
github.com/datumbrain/otters/csv.go:130.17,132.4 1 1
github.com/datumbrain/otters/csv.go:134.3,134.31 1 1
github.com/datumbrain/otters/csv.go:134.31,137.4 1 0
github.com/datumbrain/otters/csv.go:139.3,142.57 3 1
github.com/datumbrain/otters/csv.go:142.57,143.9 1 1
github.com/datumbrain/otters/csv.go:147.2,147.18 1 1
github.com/datumbrain/otters/csv.go:151.54,156.2 1 1
github.com/datumbrain/otters/csv.go:159.85,160.19 1 1
github.com/datumbrain/otters/csv.go:160.19,162.3 1 1
github.com/datumbrain/otters/csv.go:165.2,166.16 2 1
github.com/datumbrain/otters/csv.go:166.16,168.3 1 0
github.com/datumbrain/otters/csv.go:169.2,177.23 5 1
github.com/datumbrain/otters/csv.go:177.23,178.48 1 1
github.com/datumbrain/otters/csv.go:178.48,180.4 1 0
github.com/datumbrain/otters/csv.go:184.2,184.33 1 1
github.com/datumbrain/otters/csv.go:184.33,186.36 2 1
github.com/datumbrain/otters/csv.go:186.36,188.18 2 1
github.com/datumbrain/otters/csv.go:188.18,190.5 1 0
github.com/datumbrain/otters/csv.go:191.4,191.47 1 1
github.com/datumbrain/otters/csv.go:194.3,194.43 1 1
github.com/datumbrain/otters/csv.go:194.43,196.4 1 0
github.com/datumbrain/otters/csv.go:199.2,199.12 1 1
github.com/datumbrain/otters/csv.go:203.57,210.2 1 1
github.com/datumbrain/otters/csv.go:213.88,218.80 4 1
github.com/datumbrain/otters/csv.go:218.80,220.3 1 0
github.com/datumbrain/otters/csv.go:222.2,223.16 2 1
github.com/datumbrain/otters/csv.go:223.16,225.3 1 1
github.com/datumbrain/otters/csv.go:227.2,227.46 1 1
github.com/datumbrain/otters/csv.go:233.84,234.23 1 1
github.com/datumbrain/otters/csv.go:234.23,236.3 1 1
github.com/datumbrain/otters/csv.go:238.2,238.20 1 1
github.com/datumbrain/otters/csv.go:238.20,241.34 2 1
github.com/datumbrain/otters/csv.go:241.34,243.18 2 1
github.com/datumbrain/otters/csv.go:243.18,245.5 1 0
github.com/datumbrain/otters/csv.go:246.4,246.53 1 1
github.com/datumbrain/otters/csv.go:246.53,248.5 1 0
github.com/datumbrain/otters/csv.go:250.3,250.17 1 1
github.com/datumbrain/otters/csv.go:254.2,255.28 2 1
github.com/datumbrain/otters/csv.go:255.28,257.3 1 1
github.com/datumbrain/otters/csv.go:259.2,259.32 1 1
github.com/datumbrain/otters/csv.go:259.32,260.34 1 1
github.com/datumbrain/otters/csv.go:260.34,262.4 1 1
github.com/datumbrain/otters/csv.go:266.2,267.33 2 1
github.com/datumbrain/otters/csv.go:267.33,275.17 4 1
github.com/datumbrain/otters/csv.go:275.17,277.4 1 0
github.com/datumbrain/otters/csv.go:280.3,281.17 2 1
github.com/datumbrain/otters/csv.go:281.17,283.4 1 0
github.com/datumbrain/otters/csv.go:285.3,285.29 1 1
github.com/datumbrain/otters/csv.go:288.2,288.42 1 1
github.com/datumbrain/otters/csv.go:292.92,293.20 1 1
github.com/datumbrain/otters/csv.go:294.18,298.21 3 1
github.com/datumbrain/otters/csv.go:300.17,302.32 2 1
github.com/datumbrain/otters/csv.go:302.32,304.18 2 1
github.com/datumbrain/otters/csv.go:304.18,306.5 1 1
github.com/datumbrain/otters/csv.go:307.4,307.33 1 1
github.com/datumbrain/otters/csv.go:309.3,309.21 1 1
github.com/datumbrain/otters/csv.go:311.19,313.32 2 1
github.com/datumbrain/otters/csv.go:313.32,315.18 2 1
github.com/datumbrain/otters/csv.go:315.18,317.5 1 1
github.com/datumbrain/otters/csv.go:318.4,318.35 1 1
github.com/datumbrain/otters/csv.go:320.3,320.21 1 1
github.com/datumbrain/otters/csv.go:322.16,324.32 2 1
github.com/datumbrain/otters/csv.go:324.32,326.18 2 1
github.com/datumbrain/otters/csv.go:326.18,328.5 1 1
github.com/datumbrain/otters/csv.go:329.4,329.32 1 1
github.com/datumbrain/otters/csv.go:331.3,331.21 1 1
github.com/datumbrain/otters/csv.go:333.16,335.32 2 1
github.com/datumbrain/otters/csv.go:335.32,337.18 2 1
github.com/datumbrain/otters/csv.go:337.18,339.5 1 1
github.com/datumbrain/otters/csv.go:340.4,340.37 1 1
github.com/datumbrain/otters/csv.go:342.3,342.21 1 1
github.com/datumbrain/otters/csv.go:344.10,346.59 1 0
github.com/datumbrain/otters/csv.go:351.40,353.22 1 1
github.com/datumbrain/otters/csv.go:353.22,354.66 1 1
github.com/datumbrain/otters/csv.go:354.66,356.4 1 1
github.com/datumbrain/otters/csv.go:360.2,366.15 4 1
github.com/datumbrain/otters/csv.go:370.50,371.27 1 1
github.com/datumbrain/otters/csv.go:372.14,373.11 1 1
github.com/datumbrain/otters/csv.go:374.13,375.34 1 1
github.com/datumbrain/otters/csv.go:376.15,377.45 1 1
github.com/datumbrain/otters/csv.go:378.12,379.31 1 1
github.com/datumbrain/otters/csv.go:380.17,381.17 1 1
github.com/datumbrain/otters/csv.go:381.17,383.4 1 0
github.com/datumbrain/otters/csv.go:384.3,384.41 1 1
github.com/datumbrain/otters/csv.go:385.10,386.34 1 0
github.com/datumbrain/otters/csv.go:393.53,395.16 2 1
github.com/datumbrain/otters/csv.go:395.16,397.3 1 1
github.com/datumbrain/otters/csv.go:398.2,403.33 4 1
github.com/datumbrain/otters/csv.go:403.33,405.3 1 0
github.com/datumbrain/otters/csv.go:407.2,413.39 4 1
github.com/datumbrain/otters/csv.go:413.39,415.3 1 1
github.com/datumbrain/otters/csv.go:418.2,420.39 3 1
github.com/datumbrain/otters/csv.go:420.39,421.23 1 1
github.com/datumbrain/otters/csv.go:421.23,424.4 2 1
github.com/datumbrain/otters/csv.go:427.2,427.27 1 1
github.com/datumbrain/otters/csv.go:431.53,433.16 2 1
github.com/datumbrain/otters/csv.go:433.16,435.3 1 1
github.com/datumbrain/otters/csv.go:437.2,438.16 2 1
github.com/datumbrain/otters/csv.go:438.16,440.3 1 0
github.com/datumbrain/otters/csv.go:441.2,456.16 6 1
github.com/datumbrain/otters/csv.go:456.16,457.20 1 0
github.com/datumbrain/otters/csv.go:457.20,459.4 1 0
github.com/datumbrain/otters/csv.go:460.3,460.44 1 0
github.com/datumbrain/otters/csv.go:463.2,467.6 3 1
github.com/datumbrain/otters/csv.go:467.6,469.20 2 1
github.com/datumbrain/otters/csv.go:469.20,470.9 1 1
github.com/datumbrain/otters/csv.go:472.3,472.17 1 1
github.com/datumbrain/otters/csv.go:472.17,474.4 1 1
github.com/datumbrain/otters/csv.go:476.3,476.31 1 1
github.com/datumbrain/otters/csv.go:476.31,480.4 1 0
github.com/datumbrain/otters/csv.go:482.3,482.14 1 1
github.com/datumbrain/otters/csv.go:485.2,485.18 1 1
github.com/datumbrain/otters/df.go:11.68,12.22 1 1
github.com/datumbrain/otters/df.go:12.22,14.3 1 1
github.com/datumbrain/otters/df.go:17.2,17.51 1 1
github.com/datumbrain/otters/df.go:17.51,19.3 1 1
github.com/datumbrain/otters/df.go:21.2,24.27 3 1
github.com/datumbrain/otters/df.go:24.27,25.47 1 1
github.com/datumbrain/otters/df.go:25.47,27.4 1 0
github.com/datumbrain/otters/df.go:30.2,30.16 1 1
github.com/datumbrain/otters/df.go:34.75,35.20 1 1
github.com/datumbrain/otters/df.go:35.20,37.3 1 1
github.com/datumbrain/otters/df.go:40.2,41.22 2 1
github.com/datumbrain/otters/df.go:41.22,43.3 1 1
github.com/datumbrain/otters/df.go:44.2,47.28 3 1
github.com/datumbrain/otters/df.go:47.28,49.17 2 1
github.com/datumbrain/otters/df.go:49.17,51.4 1 0
github.com/datumbrain/otters/df.go:52.3,52.29 1 1
github.com/datumbrain/otters/df.go:55.2,55.42 1 1
github.com/datumbrain/otters/df.go:61.41,62.19 1 1
github.com/datumbrain/otters/df.go:62.19,64.3 1 1
github.com/datumbrain/otters/df.go:65.2,65.35 1 1
github.com/datumbrain/otters/df.go:69.41,70.19 1 1
github.com/datumbrain/otters/df.go:70.19,72.3 1 1
github.com/datumbrain/otters/df.go:74.2,76.15 3 1
github.com/datumbrain/otters/df.go:80.32,81.19 1 1
github.com/datumbrain/otters/df.go:81.19,83.3 1 1
github.com/datumbrain/otters/df.go:84.2,84.18 1 1
github.com/datumbrain/otters/df.go:88.34,89.19 1 1
github.com/datumbrain/otters/df.go:89.19,91.3 1 1
github.com/datumbrain/otters/df.go:92.2,92.24 1 1
github.com/datumbrain/otters/df.go:96.37,98.2 1 1
github.com/datumbrain/otters/df.go:101.50,102.19 1 1
github.com/datumbrain/otters/df.go:102.19,104.3 1 1
github.com/datumbrain/otters/df.go:105.2,106.15 2 1
github.com/datumbrain/otters/df.go:110.69,111.19 1 1
github.com/datumbrain/otters/df.go:111.19,113.3 1 1
github.com/datumbrain/otters/df.go:115.2,115.54 1 1
github.com/datumbrain/otters/df.go:115.54,117.3 1 1
github.com/datumbrain/otters/df.go:119.2,119.35 1 1
github.com/datumbrain/otters/df.go:125.45,126.19 1 1
github.com/datumbrain/otters/df.go:126.19,128.3 1 1
github.com/datumbrain/otters/df.go:130.2,130.12 1 1
github.com/datumbrain/otters/df.go:130.12,132.3 1 1
github.com/datumbrain/otters/df.go:134.2,134.20 1 1
github.com/datumbrain/otters/df.go:134.20,136.3 1 1
github.com/datumbrain/otters/df.go:138.2,138.31 1 1
github.com/datumbrain/otters/df.go:142.45,143.19 1 1
github.com/datumbrain/otters/df.go:143.19,145.3 1 0
github.com/datumbrain/otters/df.go:147.2,147.12 1 1
github.com/datumbrain/otters/df.go:147.12,149.3 1 1
github.com/datumbrain/otters/df.go:151.2,151.20 1 1
github.com/datumbrain/otters/df.go:151.20,153.3 1 1
github.com/datumbrain/otters/df.go:155.2,156.43 2 1
github.com/datumbrain/otters/df.go:160.71,161.19 1 1
github.com/datumbrain/otters/df.go:161.19,163.3 1 0
github.com/datumbrain/otters/df.go:165.2,165.49 1 1
github.com/datumbrain/otters/df.go:165.49,167.3 1 1
github.com/datumbrain/otters/df.go:169.2,169.56 1 1
github.com/datumbrain/otters/df.go:169.56,171.3 1 1
github.com/datumbrain/otters/df.go:173.2,173.36 1 1
github.com/datumbrain/otters/df.go:177.75,178.19 1 1
github.com/datumbrain/otters/df.go:178.19,180.3 1 0
github.com/datumbrain/otters/df.go:182.2,182.49 1 1
github.com/datumbrain/otters/df.go:182.49,184.3 1 1
github.com/datumbrain/otters/df.go:186.2,186.56 1 1
github.com/datumbrain/otters/df.go:186.56,188.3 1 1
github.com/datumbrain/otters/df.go:190.2,190.43 1 1
github.com/datumbrain/otters/df.go:194.62,195.19 1 1
github.com/datumbrain/otters/df.go:195.19,197.3 1 0
github.com/datumbrain/otters/df.go:199.2,199.54 1 1
github.com/datumbrain/otters/df.go:199.54,201.3 1 1
github.com/datumbrain/otters/df.go:203.2,203.37 1 1
github.com/datumbrain/otters/df.go:209.40,210.19 1 1
github.com/datumbrain/otters/df.go:210.19,215.3 3 1
github.com/datumbrain/otters/df.go:217.2,221.35 3 1
github.com/datumbrain/otters/df.go:221.35,225.3 3 1
github.com/datumbrain/otters/df.go:227.2,227.14 1 1
github.com/datumbrain/otters/df.go:231.59,232.19 1 1
github.com/datumbrain/otters/df.go:232.19,234.3 1 0
github.com/datumbrain/otters/df.go:237.2,237.26 1 1
github.com/datumbrain/otters/df.go:237.26,239.3 1 1
github.com/datumbrain/otters/df.go:239.8,239.39 1 1
github.com/datumbrain/otters/df.go:239.39,242.3 1 1
github.com/datumbrain/otters/df.go:245.2,245.50 1 1
github.com/datumbrain/otters/df.go:245.50,247.3 1 1
github.com/datumbrain/otters/df.go:249.2,249.58 1 1
github.com/datumbrain/otters/df.go:249.58,251.3 1 0
github.com/datumbrain/otters/df.go:253.2,253.11 1 1
github.com/datumbrain/otters/df.go:257.57,258.19 1 1
github.com/datumbrain/otters/df.go:258.19,260.3 1 0
github.com/datumbrain/otters/df.go:262.2,262.54 1 1
github.com/datumbrain/otters/df.go:262.54,264.3 1 1
github.com/datumbrain/otters/df.go:266.2,270.38 3 1
github.com/datumbrain/otters/df.go:270.38,271.22 1 1
github.com/datumbrain/otters/df.go:271.22,273.9 2 1
github.com/datumbrain/otters/df.go:277.2,277.14 1 1
github.com/datumbrain/otters/df.go:281.71,282.19 1 1
github.com/datumbrain/otters/df.go:282.19,284.3 1 0
github.com/datumbrain/otters/df.go:286.2,286.57 1 1
github.com/datumbrain/otters/df.go:286.57,288.3 1 1
github.com/datumbrain/otters/df.go:291.2,291.68 1 1
github.com/datumbrain/otters/df.go:291.68,293.3 1 1
github.com/datumbrain/otters/df.go:295.2,306.38 6 1
github.com/datumbrain/otters/df.go:306.38,307.25 1 1
github.com/datumbrain/otters/df.go:307.25,309.9 2 1
github.com/datumbrain/otters/df.go:313.2,313.14 1 1
github.com/datumbrain/otters/df.go:319.38,320.19 1 1
github.com/datumbrain/otters/df.go:320.19,322.3 1 0
github.com/datumbrain/otters/df.go:324.2,324.18 1 1
github.com/datumbrain/otters/df.go:324.18,326.3 1 0
github.com/datumbrain/otters/df.go:328.2,336.18 5 1
github.com/datumbrain/otters/df.go:336.18,338.3 1 1
github.com/datumbrain/otters/df.go:340.2,340.31 1 1
github.com/datumbrain/otters/df.go:340.31,342.36 2 1
github.com/datumbrain/otters/df.go:342.36,345.4 2 1
github.com/datumbrain/otters/df.go:346.3,347.23 2 1
github.com/datumbrain/otters/df.go:350.2,350.20 1 1
github.com/datumbrain/otters/df.go:350.20,352.3 1 1
github.com/datumbrain/otters/df.go:354.2,354.20 1 1
github.com/datumbrain/otters/df.go:358.36,359.19 1 1
github.com/datumbrain/otters/df.go:359.19,361.3 1 0
github.com/datumbrain/otters/df.go:363.2,368.35 5 1
github.com/datumbrain/otters/df.go:368.35,371.3 2 1
github.com/datumbrain/otters/df.go:373.2,373.20 1 1
github.com/datumbrain/otters/df.go:379.60,383.2 3 1
github.com/datumbrain/otters/df.go:386.73,387.50 1 1
github.com/datumbrain/otters/df.go:387.50,390.3 1 1
github.com/datumbrain/otters/df.go:392.2,395.35 3 1
github.com/datumbrain/otters/df.go:395.35,400.22 3 1
github.com/datumbrain/otters/df.go:401.19,404.45 3 1
github.com/datumbrain/otters/df.go:405.18,408.44 3 1
github.com/datumbrain/otters/df.go:409.20,412.46 3 1
github.com/datumbrain/otters/df.go:413.17,416.43 3 1
github.com/datumbrain/otters/df.go:417.17,420.48 3 1
github.com/datumbrain/otters/df.go:421.11,422.84 1 1
github.com/datumbrain/otters/df.go:425.3,426.17 2 1
github.com/datumbrain/otters/df.go:426.17,428.4 1 0
github.com/datumbrain/otters/df.go:430.3,430.35 1 1
github.com/datumbrain/otters/df.go:433.2,433.14 1 1
github.com/datumbrain/otters/df.go:437.30,442.2 4 1
github.com/datumbrain/otters/err.go:17.37,18.34 1 1
github.com/datumbrain/otters/err.go:18.34,20.3 1 1
github.com/datumbrain/otters/err.go:20.8,20.27 1 1
github.com/datumbrain/otters/err.go:20.27,22.3 1 1
github.com/datumbrain/otters/err.go:22.8,22.23 1 1
github.com/datumbrain/otters/err.go:22.23,24.3 1 1
github.com/datumbrain/otters/err.go:25.2,25.54 1 1
github.com/datumbrain/otters/err.go:29.37,31.2 1 1
github.com/datumbrain/otters/err.go:34.44,35.46 1 1
github.com/datumbrain/otters/err.go:35.46,37.3 1 1
github.com/datumbrain/otters/err.go:38.2,38.14 1 1
github.com/datumbrain/otters/err.go:44.49,50.2 1 1
github.com/datumbrain/otters/err.go:53.61,60.2 1 1
github.com/datumbrain/otters/err.go:63.66,69.2 1 1
github.com/datumbrain/otters/err.go:72.75,79.2 1 1
github.com/datumbrain/otters/err.go:82.52,89.2 1 1
github.com/datumbrain/otters/err.go:92.66,100.2 1 1
github.com/datumbrain/otters/err.go:142.39,143.43 1 1
github.com/datumbrain/otters/err.go:143.43,145.3 1 1
github.com/datumbrain/otters/err.go:146.2,146.14 1 1
github.com/datumbrain/otters/err.go:150.40,151.43 1 1
github.com/datumbrain/otters/err.go:151.43,153.3 1 1
github.com/datumbrain/otters/err.go:154.2,154.14 1 1
github.com/datumbrain/otters/err.go:158.37,159.43 1 1
github.com/datumbrain/otters/err.go:159.43,161.3 1 1
github.com/datumbrain/otters/err.go:162.2,162.14 1 1
github.com/datumbrain/otters/err.go:166.68,167.19 1 1
github.com/datumbrain/otters/err.go:167.19,169.3 1 0
github.com/datumbrain/otters/err.go:171.2,171.50 1 1
github.com/datumbrain/otters/err.go:171.50,173.3 1 1
github.com/datumbrain/otters/err.go:174.2,174.12 1 1
github.com/datumbrain/otters/err.go:178.56,179.19 1 1
github.com/datumbrain/otters/err.go:179.19,181.3 1 0
github.com/datumbrain/otters/err.go:183.2,183.37 1 1
github.com/datumbrain/otters/err.go:183.37,185.3 1 1
github.com/datumbrain/otters/err.go:186.2,186.12 1 1
github.com/datumbrain/otters/err.go:190.47,191.19 1 1
github.com/datumbrain/otters/err.go:191.19,193.3 1 0
github.com/datumbrain/otters/err.go:195.2,195.20 1 1
github.com/datumbrain/otters/err.go:195.20,197.3 1 1
github.com/datumbrain/otters/err.go:198.2,198.12 1 1
github.com/datumbrain/otters/err.go:202.67,203.19 1 1
github.com/datumbrain/otters/err.go:203.19,205.3 1 0
github.com/datumbrain/otters/err.go:207.2,207.30 1 1
github.com/datumbrain/otters/err.go:207.30,208.54 1 1
github.com/datumbrain/otters/err.go:208.54,210.4 1 1
github.com/datumbrain/otters/err.go:212.2,212.12 1 1
github.com/datumbrain/otters/err.go:216.49,217.22 1 1
github.com/datumbrain/otters/err.go:217.22,219.3 1 0
github.com/datumbrain/otters/err.go:221.2,222.27 2 1
github.com/datumbrain/otters/err.go:222.27,223.33 1 1
github.com/datumbrain/otters/err.go:223.33,226.4 1 1
github.com/datumbrain/otters/err.go:228.2,228.12 1 1
github.com/datumbrain/otters/err.go:232.53,236.2 3 1
github.com/datumbrain/otters/err.go:239.35,241.2 1 1
github.com/datumbrain/otters/err.go:244.38,246.2 1 1
github.com/datumbrain/otters/err.go:249.36,251.2 1 1
github.com/datumbrain/otters/err.go:254.40,255.30 1 1
github.com/datumbrain/otters/err.go:255.30,256.24 1 0
github.com/datumbrain/otters/err.go:257.14,258.27 1 0
github.com/datumbrain/otters/err.go:259.15,260.28 1 0
github.com/datumbrain/otters/err.go:261.11,262.54 1 0
github.com/datumbrain/otters/err.go:265.2,265.12 1 1
github.com/datumbrain/otters/err.go:269.60,270.15 1 1
github.com/datumbrain/otters/err.go:270.15,271.56 1 1
github.com/datumbrain/otters/err.go:271.56,273.4 1 0
github.com/datumbrain/otters/err.go:275.2,275.13 1 1
github.com/datumbrain/otters/err.go:279.48,280.29 1 1
github.com/datumbrain/otters/err.go:280.29,281.54 1 1
github.com/datumbrain/otters/ops.go:12.84,13.19 1 1
github.com/datumbrain/otters/ops.go:13.19,15.3 1 1
github.com/datumbrain/otters/ops.go:17.2,17.56 1 1
github.com/datumbrain/otters/ops.go:17.56,19.3 1 1
github.com/datumbrain/otters/ops.go:21.2,21.46 1 1
github.com/datumbrain/otters/ops.go:21.46,23.3 1 0
github.com/datumbrain/otters/ops.go:25.2,29.16 3 1
github.com/datumbrain/otters/ops.go:29.16,31.3 1 0
github.com/datumbrain/otters/ops.go:33.2,33.49 1 1
github.com/datumbrain/otters/ops.go:37.92,38.21 1 1
github.com/datumbrain/otters/ops.go:39.17,40.68 1 1
github.com/datumbrain/otters/ops.go:41.19,42.72 1 1
github.com/datumbrain/otters/ops.go:43.18,44.70 1 1
github.com/datumbrain/otters/ops.go:45.16,46.66 1 1
github.com/datumbrain/otters/ops.go:47.16,48.71 1 1
github.com/datumbrain/otters/ops.go:50.2,50.17 1 0
github.com/datumbrain/otters/ops.go:53.84,55.9 2 1
github.com/datumbrain/otters/ops.go:55.9,57.3 1 0
github.com/datumbrain/otters/ops.go:58.2,59.25 2 1
github.com/datumbrain/otters/ops.go:59.25,60.29 1 1
github.com/datumbrain/otters/ops.go:60.29,62.4 1 1
github.com/datumbrain/otters/ops.go:64.2,64.21 1 1
github.com/datumbrain/otters/ops.go:67.88,69.9 2 1
github.com/datumbrain/otters/ops.go:69.9,71.3 1 0
github.com/datumbrain/otters/ops.go:72.2,73.25 2 1
github.com/datumbrain/otters/ops.go:73.25,74.31 1 1
github.com/datumbrain/otters/ops.go:74.31,76.4 1 1
github.com/datumbrain/otters/ops.go:78.2,78.21 1 1
github.com/datumbrain/otters/ops.go:81.86,83.9 2 1
github.com/datumbrain/otters/ops.go:83.9,85.3 1 0
github.com/datumbrain/otters/ops.go:86.2,87.25 2 1
github.com/datumbrain/otters/ops.go:87.25,88.30 1 1
github.com/datumbrain/otters/ops.go:88.30,90.4 1 1
github.com/datumbrain/otters/ops.go:92.2,92.21 1 1
github.com/datumbrain/otters/ops.go:95.82,97.9 2 1
github.com/datumbrain/otters/ops.go:97.9,99.3 1 0
github.com/datumbrain/otters/ops.go:100.2,101.25 2 1
github.com/datumbrain/otters/ops.go:101.25,102.28 1 1
github.com/datumbrain/otters/ops.go:102.28,104.4 1 1
github.com/datumbrain/otters/ops.go:106.2,106.21 1 1
github.com/datumbrain/otters/ops.go:109.87,111.9 2 1
github.com/datumbrain/otters/ops.go:111.9,113.3 1 0
github.com/datumbrain/otters/ops.go:114.2,115.25 2 1
github.com/datumbrain/otters/ops.go:115.25,116.28 1 1
github.com/datumbrain/otters/ops.go:116.28,118.4 1 1
github.com/datumbrain/otters/ops.go:120.2,120.21 1 1
github.com/datumbrain/otters/ops.go:123.43,124.23 1 1
github.com/datumbrain/otters/ops.go:125.13,126.17 1 1
github.com/datumbrain/otters/ops.go:127.11,128.24 1 1
github.com/datumbrain/otters/ops.go:129.15,130.24 1 1
github.com/datumbrain/otters/ops.go:132.2,132.17 1 1
github.com/datumbrain/otters/ops.go:135.47,136.23 1 1
github.com/datumbrain/otters/ops.go:137.15,138.17 1 1
github.com/datumbrain/otters/ops.go:139.13,140.26 1 1
github.com/datumbrain/otters/ops.go:141.11,142.26 1 1
github.com/datumbrain/otters/ops.go:144.2,144.17 1 1
github.com/datumbrain/otters/ops.go:147.53,148.12 1 1
github.com/datumbrain/otters/ops.go:149.17,150.18 1 1
github.com/datumbrain/otters/ops.go:151.18,152.18 1 1
github.com/datumbrain/otters/ops.go:153.11,154.17 1 1
github.com/datumbrain/otters/ops.go:155.12,156.18 1 1
github.com/datumbrain/otters/ops.go:157.11,158.17 1 1
github.com/datumbrain/otters/ops.go:159.12,160.18 1 1
github.com/datumbrain/otters/ops.go:162.2,162.14 1 1
github.com/datumbrain/otters/ops.go:165.59,166.12 1 1
github.com/datumbrain/otters/ops.go:167.17,168.18 1 1
github.com/datumbrain/otters/ops.go:169.18,170.18 1 1
github.com/datumbrain/otters/ops.go:171.11,172.17 1 1
github.com/datumbrain/otters/ops.go:173.12,174.18 1 1
github.com/datumbrain/otters/ops.go:175.11,176.17 1 1
github.com/datumbrain/otters/ops.go:177.12,178.18 1 1
github.com/datumbrain/otters/ops.go:180.2,180.14 1 1
github.com/datumbrain/otters/ops.go:183.42,184.12 1 1
github.com/datumbrain/otters/ops.go:185.17,186.18 1 1
github.com/datumbrain/otters/ops.go:187.18,188.18 1 1
github.com/datumbrain/otters/ops.go:189.11,190.17 1 1
github.com/datumbrain/otters/ops.go:191.12,192.18 1 1
github.com/datumbrain/otters/ops.go:193.11,194.17 1 1
github.com/datumbrain/otters/ops.go:195.12,196.18 1 1
github.com/datumbrain/otters/ops.go:197.18,198.34 1 1
github.com/datumbrain/otters/ops.go:199.20,200.35 1 1
github.com/datumbrain/otters/ops.go:201.18,202.35 1 1
github.com/datumbrain/otters/ops.go:204.2,204.14 1 1
github.com/datumbrain/otters/ops.go:207.50,208.12 1 1
github.com/datumbrain/otters/ops.go:209.17,210.18 1 1
github.com/datumbrain/otters/ops.go:211.18,212.18 1 1
github.com/datumbrain/otters/ops.go:214.2,214.14 1 1
github.com/datumbrain/otters/ops.go:217.60,218.12 1 1
github.com/datumbrain/otters/ops.go:219.17,220.22 1 1
github.com/datumbrain/otters/ops.go:221.18,222.23 1 1
github.com/datumbrain/otters/ops.go:223.11,224.22 1 1
github.com/datumbrain/otters/ops.go:225.12,226.38 1 1
github.com/datumbrain/otters/ops.go:227.11,228.23 1 1
github.com/datumbrain/otters/ops.go:229.12,230.39 1 1
github.com/datumbrain/otters/ops.go:232.2,232.14 1 1
github.com/datumbrain/otters/ops.go:236.59,237.19 1 1
github.com/datumbrain/otters/ops.go:237.19,239.3 1 1
github.com/datumbrain/otters/ops.go:241.2,241.23 1 1
github.com/datumbrain/otters/ops.go:241.23,243.3 1 0
github.com/datumbrain/otters/ops.go:245.2,245.57 1 1
github.com/datumbrain/otters/ops.go:245.57,247.3 1 1
github.com/datumbrain/otters/ops.go:249.2,253.34 3 1
github.com/datumbrain/otters/ops.go:253.34,255.55 2 1
github.com/datumbrain/otters/ops.go:255.55,257.4 1 0
github.com/datumbrain/otters/ops.go:260.2,260.14 1 1
github.com/datumbrain/otters/ops.go:264.57,265.19 1 1
github.com/datumbrain/otters/ops.go:265.19,267.3 1 0
github.com/datumbrain/otters/ops.go:269.2,269.23 1 1
github.com/datumbrain/otters/ops.go:269.23,271.3 1 0
github.com/datumbrain/otters/ops.go:274.2,274.57 1 1
github.com/datumbrain/otters/ops.go:274.57,276.3 1 0
github.com/datumbrain/otters/ops.go:279.2,280.30 2 1
github.com/datumbrain/otters/ops.go:280.30,282.3 1 1
github.com/datumbrain/otters/ops.go:285.2,286.35 2 1
github.com/datumbrain/otters/ops.go:286.35,287.24 1 1
github.com/datumbrain/otters/ops.go:287.24,289.4 1 1
github.com/datumbrain/otters/ops.go:292.2,292.27 1 1
github.com/datumbrain/otters/ops.go:292.27,294.3 1 1
github.com/datumbrain/otters/ops.go:296.2,296.34 1 1
github.com/datumbrain/otters/ops.go:300.69,302.2 1 1
github.com/datumbrain/otters/ops.go:305.76,306.19 1 1
github.com/datumbrain/otters/ops.go:306.19,308.3 1 1
github.com/datumbrain/otters/ops.go:310.2,310.23 1 1
github.com/datumbrain/otters/ops.go:310.23,312.3 1 0
github.com/datumbrain/otters/ops.go:314.2,314.36 1 1
github.com/datumbrain/otters/ops.go:314.36,316.3 1 1
github.com/datumbrain/otters/ops.go:318.2,318.57 1 1
github.com/datumbrain/otters/ops.go:318.57,320.3 1 1
github.com/datumbrain/otters/ops.go:322.2,322.46 1 1
github.com/datumbrain/otters/ops.go:322.46,324.3 1 0
github.com/datumbrain/otters/ops.go:327.2,328.25 2 1
github.com/datumbrain/otters/ops.go:328.25,330.3 1 1
github.com/datumbrain/otters/ops.go:333.2,333.42 1 1
github.com/datumbrain/otters/ops.go:333.42,337.35 2 1
github.com/datumbrain/otters/ops.go:337.35,341.18 3 1
github.com/datumbrain/otters/ops.go:341.18,343.5 1 0
github.com/datumbrain/otters/ops.go:345.4,346.18 2 1
github.com/datumbrain/otters/ops.go:346.18,348.5 1 0
github.com/datumbrain/otters/ops.go:350.4,351.16 2 1
github.com/datumbrain/otters/ops.go:351.16,352.21 1 1
github.com/datumbrain/otters/ops.go:352.21,354.6 1 1
github.com/datumbrain/otters/ops.go:355.5,355.19 1 1
github.com/datumbrain/otters/ops.go:358.3,358.15 1 1
github.com/datumbrain/otters/ops.go:362.2,362.41 1 1
github.com/datumbrain/otters/ops.go:366.53,367.21 1 1
github.com/datumbrain/otters/ops.go:368.18,369.47 1 1
github.com/datumbrain/otters/ops.go:370.17,371.44 1 1
github.com/datumbrain/otters/ops.go:372.19,373.48 1 1
github.com/datumbrain/otters/ops.go:374.16,375.42 1 1
github.com/datumbrain/otters/ops.go:376.16,377.47 1 1
github.com/datumbrain/otters/ops.go:379.2,379.12 1 0
github.com/datumbrain/otters/ops.go:382.49,385.25 3 1
github.com/datumbrain/otters/ops.go:385.25,386.15 1 1
github.com/datumbrain/otters/ops.go:386.15,389.4 2 1
github.com/datumbrain/otters/ops.go:391.2,391.15 1 1
github.com/datumbrain/otters/ops.go:394.46,397.25 3 1
github.com/datumbrain/otters/ops.go:397.25,399.17 2 1
github.com/datumbrain/otters/ops.go:399.17,402.4 2 1
github.com/datumbrain/otters/ops.go:404.2,404.15 1 1
github.com/datumbrain/otters/ops.go:407.50,410.25 3 1
github.com/datumbrain/otters/ops.go:410.25,412.17 2 1
github.com/datumbrain/otters/ops.go:412.17,415.4 2 1
github.com/datumbrain/otters/ops.go:417.2,417.15 1 1
github.com/datumbrain/otters/ops.go:420.44,423.25 3 1
github.com/datumbrain/otters/ops.go:423.25,425.8 2 1
github.com/datumbrain/otters/ops.go:425.8,427.4 1 1
github.com/datumbrain/otters/ops.go:428.3,428.17 1 1
github.com/datumbrain/otters/ops.go:428.17,431.4 2 1
github.com/datumbrain/otters/ops.go:433.2,433.15 1 1
github.com/datumbrain/otters/ops.go:436.49,439.25 3 1
github.com/datumbrain/otters/ops.go:439.25,441.17 2 1
github.com/datumbrain/otters/ops.go:441.17,444.4 2 1
github.com/datumbrain/otters/ops.go:446.2,446.15 1 1
github.com/datumbrain/otters/ops.go:450.67,451.19 1 1
github.com/datumbrain/otters/ops.go:451.19,453.3 1 1
github.com/datumbrain/otters/ops.go:454.2,454.56 1 1
github.com/datumbrain/otters/ops.go:454.56,456.3 1 1
github.com/datumbrain/otters/ops.go:457.2,457.50 1 1
github.com/datumbrain/otters/ops.go:461.58,462.19 1 1
github.com/datumbrain/otters/ops.go:462.19,464.3 1 1
github.com/datumbrain/otters/ops.go:466.2,466.23 1 1
github.com/datumbrain/otters/ops.go:466.23,468.3 1 1
github.com/datumbrain/otters/ops.go:470.2,470.57 1 1
github.com/datumbrain/otters/ops.go:470.57,472.3 1 1
github.com/datumbrain/otters/ops.go:474.2,478.3 1 1
github.com/datumbrain/otters/ops.go:482.83,484.2 1 1
github.com/datumbrain/otters/ops.go:487.53,488.19 1 1
github.com/datumbrain/otters/ops.go:488.19,490.3 1 0
github.com/datumbrain/otters/ops.go:493.2,494.21 2 1
github.com/datumbrain/otters/ops.go:494.21,496.3 1 1
github.com/datumbrain/otters/ops.go:498.2,503.74 4 1
github.com/datumbrain/otters/ops.go:503.74,505.3 1 1
github.com/datumbrain/otters/ops.go:506.2,506.76 1 1
github.com/datumbrain/otters/ops.go:506.76,508.3 1 0
github.com/datumbrain/otters/ops.go:511.2,511.27 1 1
github.com/datumbrain/otters/ops.go:511.27,513.3 1 1
github.com/datumbrain/otters/ops.go:515.2,517.16 3 1
github.com/datumbrain/otters/ops.go:517.16,519.3 1 1
github.com/datumbrain/otters/ops.go:521.2,521.43 1 1
github.com/datumbrain/otters/ops.go:525.46,526.19 1 1
github.com/datumbrain/otters/ops.go:526.19,528.3 1 1
github.com/datumbrain/otters/ops.go:529.2,529.18 1 1
github.com/datumbrain/otters/ops.go:540.46,542.2 1 1
github.com/datumbrain/otters/ops.go:545.47,547.2 1 1
github.com/datumbrain/otters/ops.go:550.48,552.2 1 1
github.com/datumbrain/otters/ops.go:555.46,557.2 1 1
github.com/datumbrain/otters/ops.go:560.46,562.2 1 1
github.com/datumbrain/otters/ops.go:567.66,568.21 1 1
github.com/datumbrain/otters/ops.go:569.18,570.59 1 1
github.com/datumbrain/otters/ops.go:571.17,572.57 1 1
github.com/datumbrain/otters/ops.go:573.19,574.61 1 1
github.com/datumbrain/otters/ops.go:575.16,576.55 1 1
github.com/datumbrain/otters/ops.go:577.16,578.60 1 1
github.com/datumbrain/otters/ops.go:579.10,580.13 1 1
github.com/datumbrain/otters/ops.go:584.62,586.30 2 1
github.com/datumbrain/otters/ops.go:586.30,588.3 1 1
github.com/datumbrain/otters/ops.go:589.2,589.17 1 1
github.com/datumbrain/otters/ops.go:592.59,594.30 2 1
github.com/datumbrain/otters/ops.go:594.30,596.3 1 1
github.com/datumbrain/otters/ops.go:597.2,597.17 1 1
github.com/datumbrain/otters/ops.go:600.65,602.30 2 1
github.com/datumbrain/otters/ops.go:602.30,604.3 1 1
github.com/datumbrain/otters/ops.go:605.2,605.17 1 1
github.com/datumbrain/otters/ops.go:608.56,610.30 2 1
github.com/datumbrain/otters/ops.go:610.30,612.3 1 1
github.com/datumbrain/otters/ops.go:613.2,613.17 1 1
github.com/datumbrain/otters/ops.go:616.66,618.30 2 1
github.com/datumbrain/otters/ops.go:618.30,620.3 1 1
github.com/datumbrain/otters/ops.go:621.2,621.17 1 1
github.com/datumbrain/otters/ops.go:625.56,626.17 1 1
github.com/datumbrain/otters/ops.go:627.18,628.20 1 1
github.com/datumbrain/otters/ops.go:629.17,630.19 1 1
github.com/datumbrain/otters/ops.go:631.19,632.21 1 1
github.com/datumbrain/otters/ops.go:633.16,634.18 1 1
github.com/datumbrain/otters/ops.go:635.16,636.23 1 1
github.com/datumbrain/otters/ops.go:637.10,638.13 1 1
github.com/datumbrain/otters/ops.go:643.77,644.23 1 1
github.com/datumbrain/otters/ops.go:644.23,646.36 2 1
github.com/datumbrain/otters/ops.go:646.36,649.18 3 1
github.com/datumbrain/otters/ops.go:649.18,651.5 1 1
github.com/datumbrain/otters/ops.go:652.4,652.36 1 1
github.com/datumbrain/otters/ops.go:654.3,654.15 1 1
github.com/datumbrain/otters/ops.go:657.2,660.35 3 1
github.com/datumbrain/otters/ops.go:660.35,663.21 3 1
github.com/datumbrain/otters/ops.go:663.21,665.4 1 1
github.com/datumbrain/otters/ops.go:666.3,667.17 2 1
github.com/datumbrain/otters/ops.go:667.17,669.4 1 0
github.com/datumbrain/otters/ops.go:671.3,671.58 1 1
github.com/datumbrain/otters/ops.go:671.58,673.4 1 0
github.com/datumbrain/otters/ops.go:676.2,676.14 1 1
github.com/datumbrain/otters/ops.go:680.65,681.20 1 1
github.com/datumbrain/otters/ops.go:682.18,683.48 1 1
github.com/datumbrain/otters/ops.go:684.17,685.44 1 1
github.com/datumbrain/otters/ops.go:686.19,687.50 1 1
github.com/datumbrain/otters/ops.go:688.16,689.41 1 1
github.com/datumbrain/otters/ops.go:690.16,691.51 1 1
github.com/datumbrain/otters/ops.go:692.10,693.11 1 1
github.com/datumbrain/otters/ops.go:697.38,698.11 1 1
github.com/datumbrain/otters/ops.go:698.11,700.3 1 1
github.com/datumbrain/otters/ops.go:701.2,701.11 1 1
github.com/datumbrain/otters/ops.go:701.11,703.3 1 1
github.com/datumbrain/otters/ops.go:704.2,704.10 1 1
github.com/datumbrain/otters/ops.go:707.35,708.11 1 1
github.com/datumbrain/otters/ops.go:708.11,710.3 1 1
github.com/datumbrain/otters/ops.go:711.2,711.11 1 1
github.com/datumbrain/otters/ops.go:711.11,713.3 1 1
github.com/datumbrain/otters/ops.go:714.2,714.10 1 1
github.com/datumbrain/otters/ops.go:717.39,718.11 1 1
github.com/datumbrain/otters/ops.go:718.11,720.3 1 1
github.com/datumbrain/otters/ops.go:721.2,721.11 1 1
github.com/datumbrain/otters/ops.go:721.11,723.3 1 1
github.com/datumbrain/otters/ops.go:724.2,724.10 1 1
github.com/datumbrain/otters/ops.go:727.33,728.13 1 1
github.com/datumbrain/otters/ops.go:728.13,730.3 1 1
github.com/datumbrain/otters/ops.go:731.2,731.13 1 1
github.com/datumbrain/otters/ops.go:731.13,733.3 1 1
github.com/datumbrain/otters/ops.go:734.2,734.10 1 1
github.com/datumbrain/otters/ops.go:737.38,738.17 1 1
github.com/datumbrain/otters/ops.go:738.17,740.3 1 1
github.com/datumbrain/otters/ops.go:741.2,741.16 1 1
github.com/datumbrain/otters/ops.go:741.16,743.3 1 1
github.com/datumbrain/otters/ops.go:744.2,744.10 1 1
github.com/datumbrain/otters/ops.go:748.56,749.21 1 1
github.com/datumbrain/otters/ops.go:750.18,751.35 1 1
github.com/datumbrain/otters/ops.go:752.17,753.57 1 1
github.com/datumbrain/otters/ops.go:754.19,755.70 1 1
github.com/datumbrain/otters/ops.go:756.16,757.30 1 1
github.com/datumbrain/otters/ops.go:757.30,759.4 1 1
github.com/datumbrain/otters/ops.go:760.3,760.17 1 1
github.com/datumbrain/otters/ops.go:761.16,762.47 1 1
github.com/datumbrain/otters/ops.go:763.10,764.12 1 1
github.com/datumbrain/otters/ops.go:775.55,780.33 3 1
github.com/datumbrain/otters/ops.go:780.33,782.3 1 1
github.com/datumbrain/otters/ops.go:784.2,787.36 3 1
github.com/datumbrain/otters/ops.go:787.36,790.38 3 1
github.com/datumbrain/otters/ops.go:790.38,791.13 1 1
github.com/datumbrain/otters/ops.go:791.13,793.5 1 1
github.com/datumbrain/otters/ops.go:794.4,798.25 5 1
github.com/datumbrain/otters/ops.go:800.3,801.38 2 1
github.com/datumbrain/otters/ops.go:801.38,803.4 1 1
github.com/datumbrain/otters/ops.go:804.3,804.51 1 1
github.com/datumbrain/otters/ops.go:806.2,806.15 1 1
github.com/datumbrain/otters/ops.go:810.68,811.19 1 1
github.com/datumbrain/otters/ops.go:811.19,813.3 1 0
github.com/datumbrain/otters/ops.go:815.2,822.100 6 1
github.com/datumbrain/otters/ops.go:822.100,824.3 1 0
github.com/datumbrain/otters/ops.go:826.2,826.68 1 1
github.com/datumbrain/otters/ops.go:829.58,831.24 2 1
github.com/datumbrain/otters/ops.go:831.24,833.3 1 1
github.com/datumbrain/otters/ops.go:834.2,835.19 2 1
github.com/datumbrain/otters/ops.go:838.71,840.25 2 1
github.com/datumbrain/otters/ops.go:840.25,842.3 1 1
github.com/datumbrain/otters/ops.go:843.2,843.21 1 1
github.com/datumbrain/otters/ops.go:851.95,853.35 2 1
github.com/datumbrain/otters/ops.go:853.35,854.38 1 1
github.com/datumbrain/otters/ops.go:854.38,855.12 1 1
github.com/datumbrain/otters/ops.go:857.3,858.53 2 1
github.com/datumbrain/otters/ops.go:858.53,863.4 1 1
github.com/datumbrain/otters/ops.go:865.2,865.20 1 1
github.com/datumbrain/otters/ops.go:868.158,869.31 1 1
github.com/datumbrain/otters/ops.go:869.31,871.29 2 1
github.com/datumbrain/otters/ops.go:871.29,873.4 1 1
github.com/datumbrain/otters/ops.go:875.3,875.30 1 1
github.com/datumbrain/otters/ops.go:875.30,877.18 2 1
github.com/datumbrain/otters/ops.go:877.18,879.5 1 0
github.com/datumbrain/otters/ops.go:880.4,880.63 1 1
github.com/datumbrain/otters/ops.go:883.2,883.12 1 1
github.com/datumbrain/otters/ops.go:886.116,889.30 2 1
github.com/datumbrain/otters/ops.go:889.30,891.17 2 1
github.com/datumbrain/otters/ops.go:891.17,893.4 1 0
github.com/datumbrain/otters/ops.go:894.3,894.41 1 1
github.com/datumbrain/otters/ops.go:897.2,897.33 1 1
github.com/datumbrain/otters/ops.go:897.33,899.17 2 1
github.com/datumbrain/otters/ops.go:899.17,901.4 1 0
github.com/datumbrain/otters/ops.go:902.3,902.41 1 1
github.com/datumbrain/otters/ops.go:905.2,905.48 1 1
github.com/datumbrain/otters/ops.go:910.106,913.12 3 1
github.com/datumbrain/otters/ops.go:913.12,915.3 1 1
github.com/datumbrain/otters/ops.go:918.2,918.21 1 1
github.com/datumbrain/otters/ops.go:919.17,921.50 2 1
github.com/datumbrain/otters/ops.go:922.19,924.52 2 1
github.com/datumbrain/otters/ops.go:925.10,926.16 1 0
github.com/datumbrain/otters/ops.go:931.85,933.19 2 1
github.com/datumbrain/otters/ops.go:934.13,935.38 1 1
github.com/datumbrain/otters/ops.go:936.14,937.39 1 1
github.com/datumbrain/otters/ops.go:938.15,939.25 1 1
github.com/datumbrain/otters/ops.go:940.13,941.38 1 1
github.com/datumbrain/otters/ops.go:942.13,943.38 1 1
github.com/datumbrain/otters/ops.go:944.10,945.94 1 1
github.com/datumbrain/otters/ops.go:949.52,951.30 2 1
github.com/datumbrain/otters/ops.go:951.30,953.3 1 1
github.com/datumbrain/otters/ops.go:954.2,954.21 1 1
github.com/datumbrain/otters/ops.go:957.53,959.2 1 1
github.com/datumbrain/otters/ops.go:961.52,963.34 2 1
github.com/datumbrain/otters/ops.go:963.34,964.25 1 1
github.com/datumbrain/otters/ops.go:964.25,966.4 1 1
github.com/datumbrain/otters/ops.go:968.2,968.24 1 1
github.com/datumbrain/otters/ops.go:971.52,973.34 2 1
github.com/datumbrain/otters/ops.go:973.34,974.25 1 1
github.com/datumbrain/otters/ops.go:974.25,976.4 1 1
github.com/datumbrain/otters/ops.go:978.2,978.24 1 1
github.com/datumbrain/otters/ops.go:982.89,984.19 2 1
github.com/datumbrain/otters/ops.go:985.13,986.40 1 1
github.com/datumbrain/otters/ops.go:987.14,988.41 1 1
github.com/datumbrain/otters/ops.go:989.15,990.25 1 1
github.com/datumbrain/otters/ops.go:991.13,992.40 1 1
github.com/datumbrain/otters/ops.go:993.13,994.40 1 1
github.com/datumbrain/otters/ops.go:995.10,996.96 1 1
github.com/datumbrain/otters/ops.go:1000.56,1002.30 2 1
github.com/datumbrain/otters/ops.go:1002.30,1004.3 1 1
github.com/datumbrain/otters/ops.go:1005.2,1005.12 1 1
github.com/datumbrain/otters/ops.go:1008.57,1010.2 1 1
github.com/datumbrain/otters/ops.go:1012.56,1014.34 2 1
github.com/datumbrain/otters/ops.go:1014.34,1015.25 1 1
github.com/datumbrain/otters/ops.go:1015.25,1017.4 1 1
github.com/datumbrain/otters/ops.go:1019.2,1019.15 1 1
github.com/datumbrain/otters/ops.go:1022.56,1024.34 2 1
github.com/datumbrain/otters/ops.go:1024.34,1025.25 1 1
github.com/datumbrain/otters/ops.go:1025.25,1027.4 1 1
github.com/datumbrain/otters/ops.go:1029.2,1029.15 1 1
github.com/datumbrain/otters/ops.go:1033.49,1034.26 1 1
github.com/datumbrain/otters/ops.go:1034.26,1035.16 1 1
github.com/datumbrain/otters/ops.go:1035.16,1037.4 1 1
github.com/datumbrain/otters/ops.go:1039.2,1039.14 1 1
github.com/datumbrain/otters/stats.go:13.34,14.19 1 1
github.com/datumbrain/otters/stats.go:14.19,16.3 1 1
github.com/datumbrain/otters/stats.go:17.2,17.18 1 1
github.com/datumbrain/otters/stats.go:21.58,22.19 1 1
github.com/datumbrain/otters/stats.go:22.19,24.3 1 0
github.com/datumbrain/otters/stats.go:26.2,26.56 1 1
github.com/datumbrain/otters/stats.go:26.56,28.3 1 1
github.com/datumbrain/otters/stats.go:30.2,31.60 2 1
github.com/datumbrain/otters/stats.go:31.60,33.3 1 1
github.com/datumbrain/otters/stats.go:35.2,36.37 2 1
github.com/datumbrain/otters/stats.go:36.37,38.17 2 1
github.com/datumbrain/otters/stats.go:38.17,40.4 1 0
github.com/datumbrain/otters/stats.go:42.3,42.28 1 1
github.com/datumbrain/otters/stats.go:43.14,44.21 1 1
github.com/datumbrain/otters/stats.go:45.16,46.12 1 1
github.com/datumbrain/otters/stats.go:50.2,50.17 1 1
github.com/datumbrain/otters/stats.go:54.59,55.19 1 1
github.com/datumbrain/otters/stats.go:55.19,57.3 1 0
github.com/datumbrain/otters/stats.go:59.2,59.46 1 1
github.com/datumbrain/otters/stats.go:59.46,61.3 1 1
github.com/datumbrain/otters/stats.go:63.2,64.16 2 1
github.com/datumbrain/otters/stats.go:64.16,66.3 1 0
github.com/datumbrain/otters/stats.go:68.2,68.38 1 1
github.com/datumbrain/otters/stats.go:72.62,73.19 1 1
github.com/datumbrain/otters/stats.go:73.19,75.3 1 0
github.com/datumbrain/otters/stats.go:77.2,77.56 1 1
github.com/datumbrain/otters/stats.go:77.56,79.3 1 1
github.com/datumbrain/otters/stats.go:81.2,81.46 1 1
github.com/datumbrain/otters/stats.go:81.46,83.3 1 0
github.com/datumbrain/otters/stats.go:85.2,86.60 2 1
github.com/datumbrain/otters/stats.go:86.60,88.3 1 0
github.com/datumbrain/otters/stats.go:90.2,91.16 2 1
github.com/datumbrain/otters/stats.go:91.16,93.3 1 0
github.com/datumbrain/otters/stats.go:95.2,96.37 2 1
github.com/datumbrain/otters/stats.go:96.37,98.17 2 1
github.com/datumbrain/otters/stats.go:98.17,100.4 1 0
github.com/datumbrain/otters/stats.go:102.3,103.23 2 1
github.com/datumbrain/otters/stats.go:103.23,105.4 1 1
github.com/datumbrain/otters/stats.go:109.2,109.30 1 1
github.com/datumbrain/otters/stats.go:109.30,111.3 1 1
github.com/datumbrain/otters/stats.go:112.2,112.17 1 1
github.com/datumbrain/otters/stats.go:116.62,117.19 1 1
github.com/datumbrain/otters/stats.go:117.19,119.3 1 0
github.com/datumbrain/otters/stats.go:121.2,121.56 1 1
github.com/datumbrain/otters/stats.go:121.56,123.3 1 1
github.com/datumbrain/otters/stats.go:125.2,125.46 1 1
github.com/datumbrain/otters/stats.go:125.46,127.3 1 0
github.com/datumbrain/otters/stats.go:129.2,130.60 2 1
github.com/datumbrain/otters/stats.go:130.60,132.3 1 0
github.com/datumbrain/otters/stats.go:134.2,135.16 2 1
github.com/datumbrain/otters/stats.go:135.16,137.3 1 0
github.com/datumbrain/otters/stats.go:139.2,140.37 2 1
github.com/datumbrain/otters/stats.go:140.37,142.17 2 1
github.com/datumbrain/otters/stats.go:142.17,144.4 1 0
github.com/datumbrain/otters/stats.go:146.3,147.23 2 1
github.com/datumbrain/otters/stats.go:147.23,149.4 1 1
github.com/datumbrain/otters/stats.go:153.2,153.30 1 1
github.com/datumbrain/otters/stats.go:153.30,155.3 1 1
github.com/datumbrain/otters/stats.go:156.2,156.17 1 1
github.com/datumbrain/otters/stats.go:160.58,161.19 1 1
github.com/datumbrain/otters/stats.go:161.19,163.3 1 0
github.com/datumbrain/otters/stats.go:165.2,165.56 1 1
github.com/datumbrain/otters/stats.go:165.56,167.3 1 1
github.com/datumbrain/otters/stats.go:169.2,170.60 2 1
github.com/datumbrain/otters/stats.go:170.60,172.3 1 0
github.com/datumbrain/otters/stats.go:174.2,174.24 1 1
github.com/datumbrain/otters/stats.go:174.24,176.3 1 0
github.com/datumbrain/otters/stats.go:179.2,180.16 2 1
github.com/datumbrain/otters/stats.go:180.16,182.3 1 0
github.com/datumbrain/otters/stats.go:185.2,186.37 2 1
github.com/datumbrain/otters/stats.go:186.37,188.17 2 1
github.com/datumbrain/otters/stats.go:188.17,190.4 1 0
github.com/datumbrain/otters/stats.go:192.3,194.26 3 1
github.com/datumbrain/otters/stats.go:197.2,198.33 2 1
github.com/datumbrain/otters/stats.go:202.58,204.16 2 1
github.com/datumbrain/otters/stats.go:204.16,206.3 1 1
github.com/datumbrain/otters/stats.go:207.2,207.23 1 1
github.com/datumbrain/otters/stats.go:211.61,212.19 1 1
github.com/datumbrain/otters/stats.go:212.19,214.3 1 0
github.com/datumbrain/otters/stats.go:216.2,216.56 1 1
github.com/datumbrain/otters/stats.go:216.56,218.3 1 1
github.com/datumbrain/otters/stats.go:220.2,221.60 2 1
github.com/datumbrain/otters/stats.go:221.60,223.3 1 0
github.com/datumbrain/otters/stats.go:225.2,225.46 1 1
github.com/datumbrain/otters/stats.go:225.46,227.3 1 0
github.com/datumbrain/otters/stats.go:230.2,231.37 2 1
github.com/datumbrain/otters/stats.go:231.37,233.17 2 1
github.com/datumbrain/otters/stats.go:233.17,235.4 1 0
github.com/datumbrain/otters/stats.go:236.3,236.38 1 1
github.com/datumbrain/otters/stats.go:239.2,242.14 3 1
github.com/datumbrain/otters/stats.go:242.14,245.3 1 1
github.com/datumbrain/otters/stats.go:247.2,247.25 1 1
github.com/datumbrain/otters/stats.go:251.74,252.19 1 1
github.com/datumbrain/otters/stats.go:252.19,254.3 1 1
github.com/datumbrain/otters/stats.go:256.2,256.20 1 1
github.com/datumbrain/otters/stats.go:256.20,258.3 1 1
github.com/datumbrain/otters/stats.go:260.2,260.56 1 1
github.com/datumbrain/otters/stats.go:260.56,262.3 1 1
github.com/datumbrain/otters/stats.go:264.2,265.60 2 1
github.com/datumbrain/otters/stats.go:265.60,267.3 1 1
github.com/datumbrain/otters/stats.go:269.2,269.46 1 1
github.com/datumbrain/otters/stats.go:269.46,271.3 1 0
github.com/datumbrain/otters/stats.go:274.2,275.37 2 1
github.com/datumbrain/otters/stats.go:275.37,277.17 2 1
github.com/datumbrain/otters/stats.go:277.17,279.4 1 0
github.com/datumbrain/otters/stats.go:280.3,280.38 1 1
github.com/datumbrain/otters/stats.go:283.2,289.32 4 1
github.com/datumbrain/otters/stats.go:289.32,291.3 1 1
github.com/datumbrain/otters/stats.go:293.2,297.61 4 1
github.com/datumbrain/otters/stats.go:301.53,302.19 1 1
github.com/datumbrain/otters/stats.go:302.19,304.3 1 0
github.com/datumbrain/otters/stats.go:307.2,308.35 2 1
github.com/datumbrain/otters/stats.go:308.35,310.61 2 1
github.com/datumbrain/otters/stats.go:310.61,312.4 1 1
github.com/datumbrain/otters/stats.go:315.2,315.30 1 1
github.com/datumbrain/otters/stats.go:315.30,317.3 1 1
github.com/datumbrain/otters/stats.go:320.2,327.41 4 1
github.com/datumbrain/otters/stats.go:327.41,334.48 3 1
github.com/datumbrain/otters/stats.go:334.48,336.4 1 1
github.com/datumbrain/otters/stats.go:336.9,338.4 1 0
github.com/datumbrain/otters/stats.go:341.3,341.46 1 1
github.com/datumbrain/otters/stats.go:341.46,343.4 1 1
github.com/datumbrain/otters/stats.go:343.9,345.4 1 0
github.com/datumbrain/otters/stats.go:348.3,348.46 1 1
github.com/datumbrain/otters/stats.go:348.46,350.4 1 1
github.com/datumbrain/otters/stats.go:350.9,352.4 1 0
github.com/datumbrain/otters/stats.go:355.3,355.57 1 1
github.com/datumbrain/otters/stats.go:355.57,357.4 1 1
github.com/datumbrain/otters/stats.go:357.9,359.4 1 0
github.com/datumbrain/otters/stats.go:362.3,362.52 1 1
github.com/datumbrain/otters/stats.go:362.52,364.4 1 1
github.com/datumbrain/otters/stats.go:364.9,366.4 1 0
github.com/datumbrain/otters/stats.go:369.3,369.57 1 1
github.com/datumbrain/otters/stats.go:369.57,371.4 1 1
github.com/datumbrain/otters/stats.go:371.9,373.4 1 0
github.com/datumbrain/otters/stats.go:376.3,376.46 1 1
github.com/datumbrain/otters/stats.go:376.46,378.4 1 1
github.com/datumbrain/otters/stats.go:378.9,380.4 1 0
github.com/datumbrain/otters/stats.go:382.3,382.31 1 1
github.com/datumbrain/otters/stats.go:385.2,385.40 1 1
github.com/datumbrain/otters/stats.go:389.69,390.19 1 1
github.com/datumbrain/otters/stats.go:390.19,392.3 1 0
github.com/datumbrain/otters/stats.go:394.2,394.56 1 1
github.com/datumbrain/otters/stats.go:394.56,396.3 1 1
github.com/datumbrain/otters/stats.go:398.2,402.37 3 1
github.com/datumbrain/otters/stats.go:402.37,404.17 2 1
github.com/datumbrain/otters/stats.go:404.17,406.4 1 0
github.com/datumbrain/otters/stats.go:408.3,409.16 2 1
github.com/datumbrain/otters/stats.go:413.2,423.35 5 1
github.com/datumbrain/otters/stats.go:423.35,425.3 1 1
github.com/datumbrain/otters/stats.go:427.2,427.40 1 1
github.com/datumbrain/otters/stats.go:427.40,429.3 1 1
github.com/datumbrain/otters/stats.go:431.2,431.29 1 1
github.com/datumbrain/otters/stats.go:431.29,434.3 2 1
github.com/datumbrain/otters/stats.go:436.2,441.40 2 1
github.com/datumbrain/otters/stats.go:445.56,446.19 1 1
github.com/datumbrain/otters/stats.go:446.19,448.3 1 0
github.com/datumbrain/otters/stats.go:451.2,452.35 2 1
github.com/datumbrain/otters/stats.go:452.35,454.61 2 1
github.com/datumbrain/otters/stats.go:454.61,456.4 1 1
github.com/datumbrain/otters/stats.go:459.2,459.29 1 1
github.com/datumbrain/otters/stats.go:459.29,461.3 1 1
github.com/datumbrain/otters/stats.go:464.2,468.38 4 1
github.com/datumbrain/otters/stats.go:468.38,471.39 2 1
github.com/datumbrain/otters/stats.go:471.39,473.18 2 1
github.com/datumbrain/otters/stats.go:473.18,475.5 1 0
github.com/datumbrain/otters/stats.go:476.4,476.26 1 1
github.com/datumbrain/otters/stats.go:479.3,479.34 1 1
github.com/datumbrain/otters/stats.go:482.2,482.40 1 1
github.com/datumbrain/otters/stats.go:488.50,489.27 1 1
github.com/datumbrain/otters/stats.go:490.13,491.20 1 1
github.com/datumbrain/otters/stats.go:492.15,493.11 1 1
github.com/datumbrain/otters/stats.go:494.11,495.20 1 1
github.com/datumbrain/otters/stats.go:496.10,497.13 1 1
github.com/datumbrain/otters/stats.go:502.79,503.18 1 1
github.com/datumbrain/otters/stats.go:503.18,505.3 1 1
github.com/datumbrain/otters/stats.go:507.2,510.38 3 1
github.com/datumbrain/otters/stats.go:510.38,512.3 1 0
github.com/datumbrain/otters/stats.go:515.2,516.16 2 1
github.com/datumbrain/otters/stats.go:516.16,518.3 1 0
github.com/datumbrain/otters/stats.go:520.2,521.16 2 1
github.com/datumbrain/otters/stats.go:521.16,523.3 1 0
github.com/datumbrain/otters/stats.go:526.2,528.38 2 1
github.com/datumbrain/otters/stats.go:528.38,530.17 2 1
github.com/datumbrain/otters/stats.go:530.17,532.4 1 0
github.com/datumbrain/otters/stats.go:534.3,535.17 2 1
github.com/datumbrain/otters/stats.go:535.17,537.4 1 0
github.com/datumbrain/otters/stats.go:539.3,544.18 5 1
github.com/datumbrain/otters/stats.go:547.2,548.22 2 1
github.com/datumbrain/otters/stats.go:548.22,550.3 1 0
github.com/datumbrain/otters/stats.go:552.2,552.37 1 1
github.com/datumbrain/otters/stats.go:556.75,557.19 1 1
github.com/datumbrain/otters/stats.go:557.19,559.3 1 1
github.com/datumbrain/otters/stats.go:561.2,561.56 1 1
github.com/datumbrain/otters/stats.go:561.56,563.3 1 1
github.com/datumbrain/otters/stats.go:565.2,566.60 2 1
github.com/datumbrain/otters/stats.go:566.60,568.3 1 1
github.com/datumbrain/otters/stats.go:570.2,578.16 4 1
github.com/datumbrain/otters/stats.go:578.16,580.3 1 0
github.com/datumbrain/otters/stats.go:582.2,583.16 2 1
github.com/datumbrain/otters/stats.go:583.16,585.3 1 0
github.com/datumbrain/otters/stats.go:587.2,588.16 2 1
github.com/datumbrain/otters/stats.go:588.16,590.3 1 0
github.com/datumbrain/otters/stats.go:591.2,594.16 3 1
github.com/datumbrain/otters/stats.go:594.16,596.3 1 0
github.com/datumbrain/otters/stats.go:597.2,600.16 3 1
github.com/datumbrain/otters/stats.go:600.16,602.3 1 0
github.com/datumbrain/otters/stats.go:604.2,605.16 2 1
github.com/datumbrain/otters/stats.go:605.16,607.3 1 0
github.com/datumbrain/otters/stats.go:609.2,609.19 1 1
github.com/datumbrain/otters/stats.go:625.41,635.2 1 1
github.com/datumbrain/otters/type.go:22.38,23.12 1 1
github.com/datumbrain/otters/type.go:24.18,25.18 1 1
github.com/datumbrain/otters/type.go:26.17,27.17 1 1
github.com/datumbrain/otters/type.go:28.19,29.19 1 1
github.com/datumbrain/otters/type.go:30.16,31.16 1 1
github.com/datumbrain/otters/type.go:32.16,33.16 1 1
github.com/datumbrain/otters/type.go:34.10,35.19 1 1
github.com/datumbrain/otters/type.go:48.64,55.26 2 1
github.com/datumbrain/otters/type.go:56.16,58.20 2 1
github.com/datumbrain/otters/type.go:59.15,61.20 2 1
github.com/datumbrain/otters/type.go:62.17,64.20 2 1
github.com/datumbrain/otters/type.go:65.14,67.20 2 1
github.com/datumbrain/otters/type.go:68.19,70.20 2 1
github.com/datumbrain/otters/type.go:71.10,75.4 1 1
github.com/datumbrain/otters/type.go:78.2,78.15 1 1
github.com/datumbrain/otters/type.go:82.54,83.36 1 1
github.com/datumbrain/otters/type.go:83.36,89.3 1 1
github.com/datumbrain/otters/type.go:91.2,91.16 1 1
github.com/datumbrain/otters/type.go:92.18,93.39 1 1
github.com/datumbrain/otters/type.go:94.17,95.38 1 1
github.com/datumbrain/otters/type.go:96.19,97.40 1 1
github.com/datumbrain/otters/type.go:98.16,99.37 1 1
github.com/datumbrain/otters/type.go:100.16,101.42 1 1
github.com/datumbrain/otters/type.go:102.10,107.4 1 0
github.com/datumbrain/otters/type.go:113.53,114.36 1 1
github.com/datumbrain/otters/type.go:114.36,117.3 1 1
github.com/datumbrain/otters/type.go:118.2,118.25 1 1
github.com/datumbrain/otters/type.go:118.25,121.3 1 1
github.com/datumbrain/otters/type.go:122.2,122.37 1 1
github.com/datumbrain/otters/type.go:126.57,127.36 1 1
github.com/datumbrain/otters/type.go:127.36,130.3 1 1
github.com/datumbrain/otters/type.go:131.2,131.27 1 1
github.com/datumbrain/otters/type.go:131.27,134.3 1 0
github.com/datumbrain/otters/type.go:135.2,135.39 1 1
github.com/datumbrain/otters/type.go:139.55,140.36 1 1
github.com/datumbrain/otters/type.go:140.36,143.3 1 1
github.com/datumbrain/otters/type.go:144.2,144.26 1 1
github.com/datumbrain/otters/type.go:144.26,147.3 1 0
github.com/datumbrain/otters/type.go:148.2,148.38 1 1
github.com/datumbrain/otters/type.go:153.39,154.25 1 1
github.com/datumbrain/otters/type.go:154.25,156.3 1 1
github.com/datumbrain/otters/type.go:157.2,157.12 1 1
github.com/datumbrain/otters/type.go:161.43,162.27 1 1
github.com/datumbrain/otters/type.go:162.27,164.3 1 1
github.com/datumbrain/otters/type.go:165.2,165.12 1 1
github.com/datumbrain/otters/type.go:169.41,170.26 1 1
github.com/datumbrain/otters/type.go:170.26,172.3 1 1
github.com/datumbrain/otters/type.go:173.2,173.12 1 1
github.com/datumbrain/otters/type.go:177.58,178.36 1 1
github.com/datumbrain/otters/type.go:178.36,184.3 1 1
github.com/datumbrain/otters/type.go:186.2,186.16 1 1
github.com/datumbrain/otters/type.go:187.18,188.34 1 1
github.com/datumbrain/otters/type.go:188.34,190.4 1 1
github.com/datumbrain/otters/type.go:190.9,196.4 1 1
github.com/datumbrain/otters/type.go:197.17,198.33 1 1
github.com/datumbrain/otters/type.go:198.33,200.4 1 1
github.com/datumbrain/otters/type.go:200.9,206.4 1 1
github.com/datumbrain/otters/type.go:207.19,208.35 1 1
github.com/datumbrain/otters/type.go:208.35,210.4 1 1
github.com/datumbrain/otters/type.go:210.9,216.4 1 1
github.com/datumbrain/otters/type.go:217.16,218.32 1 1
github.com/datumbrain/otters/type.go:218.32,220.4 1 1
github.com/datumbrain/otters/type.go:220.9,226.4 1 1
github.com/datumbrain/otters/type.go:227.16,228.37 1 1
github.com/datumbrain/otters/type.go:228.37,230.4 1 1
github.com/datumbrain/otters/type.go:230.9,236.4 1 1
github.com/datumbrain/otters/type.go:237.10,242.4 1 1
github.com/datumbrain/otters/type.go:245.2,245.12 1 1
github.com/datumbrain/otters/type.go:249.33,257.16 2 1
github.com/datumbrain/otters/type.go:258.18,261.24 3 1
github.com/datumbrain/otters/type.go:262.17,265.24 3 1
github.com/datumbrain/otters/type.go:266.19,269.24 3 1
github.com/datumbrain/otters/type.go:270.16,273.24 3 1
github.com/datumbrain/otters/type.go:274.16,277.24 3 1
github.com/datumbrain/otters/type.go:280.2,280.18 1 1
github.com/datumbrain/otters/type.go:292.32,299.2 1 1
github.com/datumbrain/otters/type.go:302.44,303.22 1 1
github.com/datumbrain/otters/type.go:303.22,305.3 1 1
github.com/datumbrain/otters/type.go:308.2,313.31 5 1
github.com/datumbrain/otters/type.go:313.31,315.18 2 1
github.com/datumbrain/otters/type.go:315.18,316.12 1 0
github.com/datumbrain/otters/type.go:319.3,322.46 4 1
github.com/datumbrain/otters/type.go:325.2,325.75 1 1
github.com/datumbrain/otters/type.go:328.39,331.2 2 1
github.com/datumbrain/otters/type.go:333.41,336.2 2 1
github.com/datumbrain/otters/type.go:338.38,341.2 2 1
github.com/datumbrain/otters/type.go:343.89,344.15 1 1
github.com/datumbrain/otters/type.go:344.15,346.3 1 1
github.com/datumbrain/otters/type.go:347.2,347.14 1 1
github.com/datumbrain/otters/type.go:347.14,349.3 1 1
github.com/datumbrain/otters/type.go:350.2,350.16 1 1
github.com/datumbrain/otters/type.go:350.16,352.3 1 1
github.com/datumbrain/otters/type.go:353.2,353.15 1 1
github.com/datumbrain/otters/type.go:353.15,355.3 1 1
github.com/datumbrain/otters/type.go:356.2,356.19 1 1
github.com/datumbrain/otters/type.go:360.37,372.37 2 1
github.com/datumbrain/otters/type.go:372.37,373.54 1 1
github.com/datumbrain/otters/type.go:373.54,375.4 1 1
github.com/datumbrain/otters/type.go:377.2,377.14 1 1
github.com/datumbrain/otters/type.go:381.77,384.17 2 1
github.com/datumbrain/otters/type.go:384.17,386.3 1 1
github.com/datumbrain/otters/type.go:388.2,388.20 1 1
github.com/datumbrain/otters/type.go:389.18,390.20 1 1
github.com/datumbrain/otters/type.go:391.17,392.36 1 1
github.com/datumbrain/otters/type.go:393.19,394.38 1 1
github.com/datumbrain/otters/type.go:395.16,396.35 1 1
github.com/datumbrain/otters/type.go:397.16,398.35 1 1
github.com/datumbrain/otters/type.go:399.10,403.4 1 1
github.com/datumbrain/otters/type.go:407.54,408.20 1 1
github.com/datumbrain/otters/type.go:409.18,410.12 1 1
github.com/datumbrain/otters/type.go:411.17,412.18 1 1
github.com/datumbrain/otters/type.go:413.19,414.20 1 1
github.com/datumbrain/otters/type.go:415.16,416.15 1 1
github.com/datumbrain/otters/type.go:417.16,418.21 1 1
github.com/datumbrain/otters/type.go:419.10,420.13 1 0
github.com/datumbrain/otters/type.go:424.55,426.16 2 1
github.com/datumbrain/otters/type.go:426.16,432.3 1 1
github.com/datumbrain/otters/type.go:433.2,433.17 1 1
github.com/datumbrain/otters/type.go:436.59,438.16 2 1
github.com/datumbrain/otters/type.go:438.16,444.3 1 1
github.com/datumbrain/otters/type.go:445.2,445.17 1 1
github.com/datumbrain/otters/type.go:448.53,450.16 2 1
github.com/datumbrain/otters/type.go:450.16,456.3 1 1
github.com/datumbrain/otters/type.go:457.2,457.17 1 1
github.com/datumbrain/otters/type.go:460.58,462.16 2 1
github.com/datumbrain/otters/type.go:462.16,468.3 1 1
github.com/datumbrain/otters/type.go:469.2,469.17 1 1
github.com/datumbrain/otters/type.go:473.54,484.37 2 1
github.com/datumbrain/otters/type.go:484.37,485.54 1 1
github.com/datumbrain/otters/type.go:485.54,487.4 1 1
github.com/datumbrain/otters/type.go:490.2,490.65 1 1
